<?xml version="1.0" encoding="UTF-8"?>
<!-- Generated by org.testng.reporters.JUnitReportReporter -->
<testsuite hostname="Sasikumar" failures="0" tests="1" name="org.sasiguides.restapis.Demo" time="5.626" errors="0" timestamp="2023-11-09T18:19:29 IST" skipped="0">
  <testcase classname="org.sasiguides.restapis.Demo" name="deleteActivity" time="5.626"/>
</testsuite> <!-- org.sasiguides.restapis.Demo -->
